[index-2.html]
[backblue.gif]
[fade.gif]
[index.html]
[wp-includes/css/dist/block-library/style.min6c2d.css]
[wp-content/themes/page-builder-framework/css/min/iconfont-min0087.css]
[wp-content/themes/page-builder-framework/style0087.css]
[wp-content/themes/page-builder-framework/css/min/responsive-min0087.css]
[feed/index.html]
[wp-content/plugins/elementor/assets/lib/eicons/css/elementor-icons.min74e5.css]
[wp-content/plugins/elementor/assets/lib/animations/animations.min2a45.css]
[wp-content/plugins/elementor/assets/css/frontend-legacy.min2a45.css]
[wp-content/plugins/elementor/assets/css/frontend.min2a45.css]
[comments/feed/index.html]
[wp-content/uploads/elementor/css/post-270ae4.css]
[wp-content/plugins/elementor-pro/assets/css/frontend.min7c45.css]
[wp-content/uploads/elementor/css/globalda43.css]
[wp-content/uploads/elementor/css/post-32e311.css]
[wp-content/uploads/elementor/css/post-9579dc0.css]
[wp-content/uploads/elementor/css/post-8845534.css]
[wp-content/uploads/elementor/css/post-1797d9.css]
[wp-content/uploads/elementor/css/post-207725.css]
[wp-content/plugins/elementor/assets/lib/font-awesome/css/fontawesome.minb683.css]
[wp-content/plugins/elementor/assets/lib/font-awesome/css/solid.minb683.css]
[wp-content/plugins/elementor/assets/lib/font-awesome/css/brands.minb683.css]
[wp-includes/js/jquery/jquery.minf43b.js]
[wp-includes/js/jquery/jquery-migrate.min5589.js]
[wp-json/wp/v2/pages/32.json]
[wp-json/index.html]
[xmlrpc0db0.php]
[wp-json/oembed/1.0/embed118b.json]
[wp-json/oembed/1.0/embed5de3]
[wp-content/uploads/2023/07/cropped-PP-General-32x32.jpg]
[wp-content/uploads/2023/07/cropped-PP-General-192x192.jpg]
[wp-content/uploads/2023/07/cropped-PP-General-180x180.jpg]
[wp-content/uploads/2023/09/MyRepublic-NEW-LOGO-04.png]
[wp-content/uploads/2023/08/MyRepublic-Brand-Champion-853x1024.png]
[myrepublic-business-broadband/index.html]
[paket-internet-dan-tv/index.html]
[paket-internet-rumah-myrepublic/index.html]
[wp-content/uploads/2023/08/MyRepublic-Popular-Award-1024x1024.png]
[promo-myrepublic/index.html]
[formulir-pemasangan-baru/index.html]
[tes-kecepatan-internet-speedtest/index.html]
[wp-content/uploads/2023/08/Promo-MyRepublic.jpg]
[wp-content/uploads/2023/08/MyRepublic-Promo-1-1024x684.jpg]
[wp-content/uploads/2023/08/MyRepublic-Promo.jpg]
[wp-content/uploads/2022/06/MyRepublic-NEW-LOGO-04.png]
[wp-content/themes/page-builder-framework/js/min/site-min0087.js]
[wp-includes/js/comment-reply.min6c2d.js]
[wp-content/plugins/elementor-pro/assets/lib/smartmenus/jquery.smartmenus.minf269.js]
[wp-includes/js/imagesloaded.minbb93.js]
[wp-content/plugins/elementor-pro/assets/lib/lottie/lottie.min3f90.js]
[wp-content/plugins/elementor/assets/js/frontend-modules.min2a45.js]
[wp-content/plugins/elementor-pro/assets/lib/sticky/jquery.sticky.min7c45.js]
[wp-content/plugins/elementor-pro/assets/js/frontend.min7c45.js]
[wp-includes/js/jquery/ui/core.minb37e.js]
[wp-content/plugins/elementor/assets/lib/dialog/dialog.mina288.js]
[wp-content/plugins/elementor/assets/lib/waypoints/waypoints.min05da.js]
[wp-content/plugins/elementor/assets/lib/swiper/swiper.min48f5.js]
[wp-content/plugins/elementor/assets/lib/share-link/share-link.min2a45.js]
[wp-content/plugins/elementor/assets/js/frontend.min2a45.js]
[index-2.html]
[wp-includes/css/dist/block-library/style.min6c2d.css]
[wp-content/themes/page-builder-framework/css/min/iconfont-min0087.css]
[wp-content/themes/page-builder-framework/style0087.css]
[wp-content/themes/page-builder-framework/css/min/responsive-min0087.css]
[wp-content/plugins/elementor/assets/lib/eicons/css/elementor-icons.min74e5.css]
[wp-content/plugins/elementor/assets/lib/animations/animations.min2a45.css]
[wp-content/plugins/elementor/assets/css/frontend-legacy.min2a45.css]
[wp-content/plugins/elementor/assets/css/frontend.min2a45.css]
[wp-content/uploads/elementor/css/post-270ae4.css]
[wp-content/plugins/elementor-pro/assets/css/frontend.min7c45.css]
[wp-content/uploads/elementor/css/globalda43.css]
[wp-content/uploads/elementor/css/post-32e311.css]
[wp-content/uploads/elementor/css/post-9579dc0.css]
[wp-content/uploads/elementor/css/post-8845534.css]
[wp-content/uploads/elementor/css/post-1797d9.css]
[wp-content/uploads/elementor/css/post-207725.css]
[wp-content/plugins/elementor/assets/lib/font-awesome/css/fontawesome.minb683.css]
[wp-content/plugins/elementor/assets/lib/font-awesome/css/solid.minb683.css]
[wp-content/plugins/elementor/assets/lib/font-awesome/css/brands.minb683.css]
[paket-internet-rumah-myrepublic/index.html]
[paket-internet-dan-tv/index.html]
[myrepublic-business-broadband/index.html]
[promo-myrepublic/index.html]
[tes-kecepatan-internet-speedtest/index.html]
[formulir-pemasangan-baru/index.html]
